<?xml version="1.0" encoding="UTF-8"?>
<!-- Generated by org.testng.reporters.JUnitReportReporter -->
<testsuite hostname="Dell-22D23" failures="0" tests="1" name="ms" time="0.208" errors="0" timestamp="2023-10-23T13:19:15 EET" skipped="0">
  <testcase classname="ms" name="myTestOne" time="0.208"/>
</testsuite> <!-- ms -->
